# JRE version: Java(TM) SE Runtime Environment (21.0.5+9) (build 21.0.5+9-LTS-239)
# Java VM: Java HotSpot(TM) 64-Bit Server VM (21.0.5+9-LTS-239, mixed mode, sharing, tiered, compressed oops, compressed class ptrs, g1 gc, windows-amd64)
GC Precious Log:
 CardTable entry size: 512
 Card Set container configuration: InlinePtr #cards 5 size 8 Array Of Cards #cards 12 size 40 Howl #buckets 4 coarsen threshold 1843 Howl Bitmap #cards 512 size 80 coarsen threshold 460 Card regions per heap region 1 cards per card region 2048
 CPUs: 4 total, 4 available
 Memory: 14278M
 Large Page Support: Disabled
 NUMA Support: Disabled
 Compressed Oops: Enabled (32-bit)
 Heap Region Size: 1M
 Heap Min Capacity: 512M
 Heap Initial Capacity: 512M
 Heap Max Capacity: 1G
 Pre-touch: Disabled
 Parallel Workers: 4
 Concurrent Workers: 1
 Concurrent Refinement Workers: 4
 Periodic GC: Disabled
Heap:
 garbage-first heap   total 524288K, used 27382K [0x00000000c0000000, 0x0000000100000000)
  region size 1024K, 6 young (6144K), 3 survivors (3072K)
 Metaspace       used 60253K, committed 60800K, reserved 1114112K
  class space    used 7998K, committed 8256K, reserved 1048576K
GC Heap History (12 events):
Event: 1.253 GC heap before
{Heap before GC invocations=0 (full 0):
 garbage-first heap   total 524288K, used 24576K [0x00000000c0000000, 0x0000000100000000)
  region size 1024K, 25 young (25600K), 0 survivors (0K)
 Metaspace       used 6152K, committed 6336K, reserved 1114112K
  class space    used 656K, committed 768K, reserved 1048576K
}
Event: 1.261 GC heap after
{Heap after GC invocations=1 (full 0):
 garbage-first heap   total 524288K, used 5184K [0x00000000c0000000, 0x0000000100000000)
  region size 1024K, 4 young (4096K), 4 survivors (4096K)
 Metaspace       used 6152K, committed 6336K, reserved 1114112K
  class space    used 656K, committed 768K, reserved 1048576K
}
Event: 1.741 GC heap before
{Heap before GC invocations=1 (full 0):
 garbage-first heap   total 524288K, used 28736K [0x00000000c0000000, 0x0000000100000000)
  region size 1024K, 28 young (28672K), 4 survivors (4096K)
 Metaspace       used 13963K, committed 14208K, reserved 1114112K
  class space    used 1635K, committed 1728K, reserved 1048576K
}
Event: 1.746 GC heap after
{Heap after GC invocations=2 (full 0):
 garbage-first heap   total 524288K, used 7400K [0x00000000c0000000, 0x0000000100000000)
  region size 1024K, 3 young (3072K), 3 survivors (3072K)
 Metaspace       used 13963K, committed 14208K, reserved 1114112K
  class space    used 1635K, committed 1728K, reserved 1048576K
}
Event: 2.389 GC heap before
{Heap before GC invocations=2 (full 0):
 garbage-first heap   total 524288K, used 33000K [0x00000000c0000000, 0x0000000100000000)
  region size 1024K, 30 young (30720K), 3 survivors (3072K)
 Metaspace       used 21248K, committed 21504K, reserved 1114112K
  class space    used 2558K, committed 2688K, reserved 1048576K
}
Event: 2.396 GC heap after
{Heap after GC invocations=3 (full 0):
 garbage-first heap   total 524288K, used 8987K [0x00000000c0000000, 0x0000000100000000)
  region size 1024K, 4 young (4096K), 4 survivors (4096K)
 Metaspace       used 21248K, committed 21504K, reserved 1114112K
  class space    used 2558K, committed 2688K, reserved 1048576K
}
Event: 3.631 GC heap before
{Heap before GC invocations=4 (full 0):
 garbage-first heap   total 524288K, used 62235K [0x00000000c0000000, 0x0000000100000000)
  region size 1024K, 57 young (58368K), 4 survivors (4096K)
 Metaspace       used 35984K, committed 36160K, reserved 1114112K
  class space    used 4600K, committed 4672K, reserved 1048576K
}
Event: 3.644 GC heap after
{Heap after GC invocations=5 (full 0):
 garbage-first heap   total 524288K, used 12281K [0x00000000c0000000, 0x0000000100000000)
  region size 1024K, 7 young (7168K), 7 survivors (7168K)
 Metaspace       used 35984K, committed 36160K, reserved 1114112K
  class space    used 4600K, committed 4672K, reserved 1048576K
}
Event: 6.995 GC heap before
{Heap before GC invocations=6 (full 0):
 garbage-first heap   total 524288K, used 122873K [0x00000000c0000000, 0x0000000100000000)
  region size 1024K, 116 young (118784K), 7 survivors (7168K)
 Metaspace       used 57212K, committed 57664K, reserved 1114112K
  class space    used 7412K, committed 7616K, reserved 1048576K
}
Event: 7.021 GC heap after
{Heap after GC invocations=7 (full 0):
 garbage-first heap   total 524288K, used 22232K [0x00000000c0000000, 0x0000000100000000)
  region size 1024K, 15 young (15360K), 15 survivors (15360K)
 Metaspace       used 57212K, committed 57664K, reserved 1114112K
  class space    used 7412K, committed 7616K, reserved 1048576K
}
Event: 7.520 GC heap before
{Heap before GC invocations=7 (full 0):
 garbage-first heap   total 524288K, used 40664K [0x00000000c0000000, 0x0000000100000000)
  region size 1024K, 34 young (34816K), 15 survivors (15360K)
 Metaspace       used 60129K, committed 60608K, reserved 1114112K
  class space    used 7968K, committed 8192K, reserved 1048576K
}
Event: 7.545 GC heap after
{Heap after GC invocations=8 (full 0):
 garbage-first heap   total 524288K, used 25334K [0x00000000c0000000, 0x0000000100000000)
  region size 1024K, 3 young (3072K), 3 survivors (3072K)
 Metaspace       used 60129K, committed 60608K, reserved 1114112K
  class space    used 7968K, committed 8192K, reserved 1048576K
}

